<?xml version="1.0" encoding="UTF-8"?>
<testng-results skipped="0" failed="0" ignored="0" total="1" passed="1">
  <reporter-output>
  </reporter-output>
  <suite name="Default suite" duration-ms="1941" started-at="2019-08-07T16:49:10Z" finished-at="2019-08-07T16:49:12Z">
    <groups>
    </groups>
    <test name="Default test" duration-ms="1941" started-at="2019-08-07T16:49:10Z" finished-at="2019-08-07T16:49:12Z">
      <class name="com.qa.rest.tests.GetCallBDD">
        <test-method status="PASS" signature="test_numberOfCircutsFor2019_Season()[pri:0, instance:com.qa.rest.tests.GetCallBDD@28feb3fa]" name="test_numberOfCircutsFor2019_Season" duration-ms="1925" started-at="2019-08-07T16:49:10Z" finished-at="2019-08-07T16:49:12Z">
          <reporter-output>
          </reporter-output>
        </test-method> <!-- test_numberOfCircutsFor2019_Season -->
      </class> <!-- com.qa.rest.tests.GetCallBDD -->
    </test> <!-- Default test -->
  </suite> <!-- Default suite -->
</testng-results>
